
===============================================================================
一  8月  6 16:44:09 CST 2012
0. 开始按照前两天的used_objs恢复used_objs...
ls: data/input/used_objs_backup/*20120805*: 没有那个文件或目录
昨天的used_objs不存在，尝试前天的.
ls: data/input/used_objs_backup/*20120804*: 没有那个文件或目录
将从以下文件恢复used_objs:
	 data/input/used_objs_backup/used_objs.after.20120803
	 data/input/used_objs_backup/used_objs.after.20120803.bakbyzw
恢复used_objs完成.
1. 开始统计数据和按比例生成需要数据...
	定向数据和挖掘数据分别需要 2250 和 2250 张
	定向数据:	Total:41630	Need:2250
	库中还有点图片数据为:
	-------------------------------------------------
	faxianla.com-时尚搭配/服饰	1
	leho.com-综合	529
	bz55.com-美女帅哥	42
	mogujie.com-美食	230
	fengniao.com-综合	3879
	leho.com-动漫游戏	372
	duitang.com-摄影	104
	mogujie.com-动漫游戏	72
	duitang.com-艺术设计	1
	faxianla.com-摄影	29
	mogujie.com-时尚搭配/服饰	11681
	leho.com-美妆造型	494
	faxianla.com-动漫游戏	3
	mogujie.com-摄影	10
	mogujie.com-美妆造型	748
	22mm.cc-摄影	35
	leho.com-艺术设计	454
	duitang.com-家居装饰	139
	mogujie.com-艺术设计	5
	faxianla.com-艺术设计	24
	duitang.com-综合	21
	leho.com-家居装饰	612
	mogujie.com-家居装饰	4549
	faxianla.com-综合	4
	22mm.cc-美女帅哥	1207
	leho.com-美女帅哥	2
	danhuaer.com-动漫游戏	3
	faxianla.com-家居装饰	32
	mogujie.com-综合	11203
	duitang.com-时尚搭配/服饰	27
	mogujie.com-美女帅哥	316
	faxianla.com-美女帅哥	4
	leho.com-时尚搭配/服饰	91
	leho.com-美食	2966
	danhuaer.com-家居装饰	71
	leho.com-摄影	592
	fengniao.com-摄影	771
	bz55.com-艺术设计	4
	wed114.cn-美女帅哥	293
	duitang.com-动漫游戏	9
	danhuaer.com-摄影	1
	-------------------------------------------------
	挖掘数据:	Total:206454	Need:2250
	库中还有点图片数据为:
	-------------------------------------------------
	家居装饰	35273
	风景/旅行	7300
	综合	6602
	艺术设计	15067
	摄影	56184
	美妆造型	259
	时尚搭配/服饰	19234
	趣味搞笑	6479
	美食	5098
	美女帅哥	29244
	动漫游戏	25714
	-------------------------------------------------
	已按照定向数据所占比例生成各大类数据，输出为 conf/dingxiang_type_demand
	已按照挖掘数据所占比例生成各大类数据，输出为 conf/mine_type_demand
	发现一堆数据没有大类型，输出为 ./data/temp/select_data.dingxiang_null_type
	发现一堆数据没有大类型，输出为 ./data/temp/select_data.mine_null_type
开始选择定向数据...
2. 开始选择数据 dingxiang...
	选择的数据情况:
	-------------------------------------------------
	faxianla.com-时尚搭配/服饰	/0
	leho.com-综合	28/28
	bz55.com-美女帅哥	2/2
	mogujie.com-美食	12/12
	fengniao.com-综合	209/209
	leho.com-动漫游戏	20/20
	duitang.com-摄影	5/5
	mogujie.com-动漫游戏	3/3
	duitang.com-艺术设计	/0
	faxianla.com-摄影	1/1
	mogujie.com-时尚搭配/服饰	631/631
	leho.com-美妆造型	26/26
	faxianla.com-动漫游戏	/0
	mogujie.com-摄影	/0
	mogujie.com-美妆造型	40/40
	22mm.cc-摄影	1/1
	leho.com-艺术设计	24/24
	duitang.com-家居装饰	7/7
	mogujie.com-艺术设计	/0
	faxianla.com-艺术设计	1/1
	duitang.com-综合	1/1
	leho.com-家居装饰	33/33
	mogujie.com-家居装饰	245/245
	faxianla.com-综合	/0
	22mm.cc-美女帅哥	65/65
	leho.com-美女帅哥	/0
	danhuaer.com-动漫游戏	/0
	faxianla.com-家居装饰	1/1
	mogujie.com-综合	605/605
	duitang.com-时尚搭配/服饰	1/1
	mogujie.com-美女帅哥	17/17
	faxianla.com-美女帅哥	/0
	leho.com-时尚搭配/服饰	4/4
	leho.com-美食	160/160
	danhuaer.com-家居装饰	3/3
	leho.com-摄影	31/31
	fengniao.com-摄影	41/41
	bz55.com-艺术设计	/0
	wed114.cn-美女帅哥	15/15
	duitang.com-动漫游戏	/0
	danhuaer.com-摄影	/0
	因比例产生的小数舍入会产生误差，实际产生数据 2232 条.
	-------------------------------------------------
	选择数据完成，输出文件为 ./data/output/data_for_tuqu/data_index.dingxiang.20120806
开始选择挖掘数据...
2. 开始选择数据 mine...
	选择的数据情况:
	-------------------------------------------------
	家居装饰	707/707
	综合	/0
	风景/旅行	/0
	摄影	/0
	艺术设计	/0
	时尚搭配/服饰	/0
	美妆造型	/0
	趣味搞笑	1000/1000
	美食	/0
	动漫游戏	/0
	美女帅哥	399/399
	因比例产生的小数舍入会产生误差，实际产生数据 2106 条.
	-------------------------------------------------
	选择数据完成，输出文件为 ./data/output/data_for_tuqu/data_index.mine.20120806
开始替换非法的HTML字符...
HTML非法字符的替换完成，输出文件为 ./data/output/data_for_tuqu/data_index.mine.20120806 和 ./data/output/data_for_tuqu/data_index.dingxiang.20120806
一  8月  6 16:44:22 CST 2012
